[2025-11-05 09:59:17] ============================================================
[2025-11-05 09:59:17] ENHANCED FEDERATED LOOP INIT
[2025-11-05 09:59:17] ============================================================
[2025-11-05 09:59:17] Sybil labeling base index set to start at: 6
[2025-11-10 00:06:44] 
Round 1/5
[2025-11-10 00:06:44] 
Round 2/5
[2025-11-10 00:06:44] 
Round 3/5
[2025-11-10 00:06:44] 
Round 4/5
[2025-11-10 00:06:44] 
Round 5/5
[2025-11-10 00:08:26] 
Round 1/5
[2025-11-10 00:08:26] 
Round 2/5
[2025-11-10 00:08:26] 
Round 3/5
[2025-11-10 00:08:26] 
Round 4/5
[2025-11-10 00:08:26] 
Round 5/5
[2025-11-10 00:13:55] 
Round 1/5
[2025-11-10 00:13:55] 
Round 2/5
[2025-11-10 00:13:55] 
Round 3/5
[2025-11-10 00:13:55] 
Round 4/5
[2025-11-10 00:13:55] 
Round 5/5
[2025-11-10 00:17:21] 
Round 1/5
[2025-11-10 00:17:21] 
Round 2/5
[2025-11-10 00:17:21] 
Round 3/5
[2025-11-10 00:17:21] 
Round 4/5
[2025-11-10 00:17:22] 
Round 5/5
[2025-11-10 00:18:29] 
Round 1/5
[2025-11-10 00:18:29] 
Round 2/5
[2025-11-10 00:18:29] 
Round 3/5
[2025-11-10 00:18:29] 
Round 4/5
[2025-11-10 00:18:29] 
Round 5/5
[2025-11-10 00:22:23] 
Round 1/5
[2025-11-10 00:22:23] 
Round 2/5
[2025-11-10 00:22:23] 
Round 3/5
[2025-11-10 00:22:23] 
Round 4/5
[2025-11-10 00:22:23] 
Round 5/5
